2026-01-14 04:49:29,071 [INFO] Activator:176 - 


2026-01-14 04:49:29,075 [INFO] Activator:177 - !SESSION log4j initialized
2026-01-14 04:49:34,153 [INFO] LogOutputStream:77 - [STDOUT_REDIRECT] 
2026-01-14 04:49:35,807 [INFO] ApplicationProperties:184 - Using Application install path: C:\ST\STM32CubeIDE_1.13.1\STM32CubeIDE\plugins\com.st.stm32cube.common.mx_6.11.0.202403141607
2026-01-14 04:49:35,821 [INFO] DbMcusXml:78 - Set database path to: C:\ST\STM32CubeIDE_1.13.1\STM32CubeIDE\plugins\com.st.stm32cube.common.mx_6.11.0.202403141607\\db\/mcu/
2026-01-14 04:49:35,821 [INFO] ApiDb:274 - Set plugin database path to: C:\ST\STM32CubeIDE_1.13.1\STM32CubeIDE\plugins\com.st.stm32cube.common.mx_6.11.0.202403141607\\db\/plugins/boardmanager/
2026-01-14 04:49:35,822 [WARN] ApiDb:259 - Overriding images path with different value:  => C:\ST\STM32CubeIDE_1.13.1\STM32CubeIDE\plugins\com.st.stm32cube.common.mx_6.11.0.202403141607\\db\/plugins/mcufinder/images/
2026-01-14 04:49:35,834 [INFO] ApiDb:250 - Set database path to: C:\Users\huse2\.stmcufinder\plugins\mcufinder//mcu/
2026-01-14 04:49:35,834 [INFO] DbMcusAds:125 - Set database path to: C:\Users\huse2\.stmcufinder\plugins\mcufinder//mcu/
2026-01-14 04:49:35,836 [INFO] CrossReferenceDbSqlite:203 - Set database path to: C:\Users\huse2\.stmcufinder\plugins\mcufinder//mcu/cs/
2026-01-14 04:49:35,919 [INFO] RulesReader:64 - Compatibility file has been processed (297 Rules)
2026-01-14 04:49:35,989 [INFO] DbMcusXml:78 - Set database path to: C:\ST\STM32CubeIDE_1.13.1\STM32CubeIDE\plugins\com.st.stm32cube.common.mx_6.11.0.202403141607\\db\/mcu/
2026-01-14 04:49:35,989 [INFO] ApiDb:274 - Set plugin database path to: C:\ST\STM32CubeIDE_1.13.1\STM32CubeIDE\plugins\com.st.stm32cube.common.mx_6.11.0.202403141607\\db\/plugins/boardmanager/
2026-01-14 04:49:35,989 [INFO] ApiDb:261 - Set plugin images path to: C:\ST\STM32CubeIDE_1.13.1\STM32CubeIDE\plugins\com.st.stm32cube.common.mx_6.11.0.202403141607\\db\/plugins/mcufinder/images/
2026-01-14 04:49:35,989 [WARN] DbFile:41 - Overriding database path with different value: C:\Users\huse2\.stmcufinder\plugins\mcufinder/ => C:\Users\huse2\.stmcufinder\plugins\mcufinder
2026-01-14 04:49:35,990 [INFO] ApiDb:250 - Set database path to: C:\Users\huse2\.stmcufinder\plugins\mcufinder//mcu/
2026-01-14 04:49:35,990 [WARN] DbFile:41 - Overriding database path with different value: C:\Users\huse2\.stmcufinder\plugins\mcufinder/ => C:\Users\huse2\.stmcufinder\plugins\mcufinder
2026-01-14 04:49:35,990 [INFO] DbMcusAds:125 - Set database path to: C:\Users\huse2\.stmcufinder\plugins\mcufinder//mcu/
2026-01-14 04:49:35,990 [WARN] DbFile:41 - Overriding database path with different value: C:\Users\huse2\.stmcufinder\plugins\mcufinder/ => C:\Users\huse2\.stmcufinder\plugins\mcufinder
2026-01-14 04:49:35,990 [WARN] DbFile:41 - Overriding database path with different value: C:\Users\huse2\.stmcufinder\plugins\mcufinder/ => C:\Users\huse2\.stmcufinder\plugins\mcufinder
2026-01-14 04:49:35,990 [INFO] CrossReferenceDbSqlite:203 - Set database path to: C:\Users\huse2\.stmcufinder\plugins\mcufinder//mcu/cs/
2026-01-14 04:49:36,051 [INFO] MainPanel:264 - HeapMemory: 268435456
2026-01-14 04:49:36,126 [INFO] DbMcusXml:78 - Set database path to: C:\ST\STM32CubeIDE_1.13.1\STM32CubeIDE\plugins\com.st.stm32cube.common.mx_6.11.0.202403141607\\db\/mcu/
2026-01-14 04:49:36,126 [INFO] ApiDb:274 - Set plugin database path to: C:\ST\STM32CubeIDE_1.13.1\STM32CubeIDE\plugins\com.st.stm32cube.common.mx_6.11.0.202403141607\\db\/plugins/boardmanager/
2026-01-14 04:49:36,126 [INFO] ApiDb:261 - Set plugin images path to: C:\ST\STM32CubeIDE_1.13.1\STM32CubeIDE\plugins\com.st.stm32cube.common.mx_6.11.0.202403141607\\db\/plugins/mcufinder/images/
2026-01-14 04:49:36,126 [WARN] DbFile:41 - Overriding database path with different value: C:\Users\huse2\.stmcufinder\plugins\mcufinder/ => C:\Users\huse2\.stmcufinder\plugins\mcufinder
2026-01-14 04:49:36,126 [INFO] ApiDb:250 - Set database path to: C:\Users\huse2\.stmcufinder\plugins\mcufinder//mcu/
2026-01-14 04:49:36,126 [WARN] DbFile:41 - Overriding database path with different value: C:\Users\huse2\.stmcufinder\plugins\mcufinder/ => C:\Users\huse2\.stmcufinder\plugins\mcufinder
2026-01-14 04:49:36,126 [INFO] DbMcusAds:125 - Set database path to: C:\Users\huse2\.stmcufinder\plugins\mcufinder//mcu/
2026-01-14 04:49:36,126 [WARN] DbFile:41 - Overriding database path with different value: C:\Users\huse2\.stmcufinder\plugins\mcufinder/ => C:\Users\huse2\.stmcufinder\plugins\mcufinder
2026-01-14 04:49:36,126 [WARN] DbFile:41 - Overriding database path with different value: C:\Users\huse2\.stmcufinder\plugins\mcufinder/ => C:\Users\huse2\.stmcufinder\plugins\mcufinder
2026-01-14 04:49:36,127 [INFO] CrossReferenceDbSqlite:203 - Set database path to: C:\Users\huse2\.stmcufinder\plugins\mcufinder//mcu/cs/
2026-01-14 04:49:36,141 [INFO] ApplicationProperties:184 - Using Application install path: C:\ST\STM32CubeIDE_1.13.1\STM32CubeIDE\plugins\com.st.stm32cube.common.mx_6.11.0.202403141607
2026-01-14 04:49:36,143 [INFO] PluginManage:196 - Search for loadable plugins [exclusion list=, ]
2026-01-14 04:49:36,144 [INFO] PluginManage:310 - Check plugin analytics
2026-01-14 04:49:36,298 [INFO] AnalyticsPlugin:253 - Accepted Software Licenses: STM32CubeMX.6.13.0
2026-01-14 04:49:36,298 [INFO] AnalyticsPlugin:255 - Accepted CMSIS Pack Licenses: 
2026-01-14 04:49:36,299 [INFO] AnalyticsPlugin:257 - Accepted Firmware Licenses: FW.F4.1.27.0
2026-01-14 04:49:36,302 [INFO] PluginManage:359 - Loaded plugin analytics (category:tool,tabindex:-1)
2026-01-14 04:49:36,303 [INFO] PluginManage:310 - Check plugin cadmodel
2026-01-14 04:49:36,319 [INFO] CADModel:105 - Init CAD model plugin
2026-01-14 04:49:36,319 [INFO] PluginManage:359 - Loaded plugin cadmodel (category:power,tabindex:5)
2026-01-14 04:49:36,319 [INFO] PluginManage:310 - Check plugin clock
2026-01-14 04:49:36,343 [INFO] PluginManage:359 - Loaded plugin clock (category:base,tabindex:2)
2026-01-14 04:49:36,343 [INFO] PluginManage:310 - Check plugin ddr
2026-01-14 04:49:36,345 [INFO] PluginManage:359 - Loaded plugin ddr (category:tool,tabindex:6)
2026-01-14 04:49:36,345 [INFO] PluginManage:310 - Check plugin filemanager
2026-01-14 04:49:36,469 [INFO] PluginManage:359 - Loaded plugin filemanager (category:base,tabindex:10)
2026-01-14 04:49:36,469 [INFO] PluginManage:310 - Check plugin ipmanager
2026-01-14 04:49:36,476 [INFO] PluginManage:359 - Loaded plugin ipmanager (category:base,tabindex:5)
2026-01-14 04:49:36,476 [INFO] PluginManage:310 - Check plugin lpbam
2026-01-14 04:49:36,496 [INFO] PluginManage:359 - Loaded plugin lpbam (category:base,tabindex:0)
2026-01-14 04:49:36,496 [INFO] PluginManage:310 - Check plugin memorymap
2026-01-14 04:49:36,519 [INFO] PluginManage:359 - Loaded plugin memorymap (category:base,tabindex:4)
2026-01-14 04:49:36,520 [INFO] PluginManage:310 - Check plugin pinoutandconfiguration
2026-01-14 04:49:36,538 [INFO] PluginManage:359 - Loaded plugin pinoutandconfiguration (category:base,tabindex:1)
2026-01-14 04:49:36,538 [INFO] PluginManage:310 - Check plugin pinoutconfig
2026-01-14 04:49:36,617 [WARN] SupportedApi:132 - Cannot load RTOS API schema: s4s-elt-must-match.1: The content of 'definitions' must match (annotation?, (simpleType | complexType)?, (unique | key | keyref)*)). A problem was found starting at: attribute.
2026-01-14 04:49:36,726 [INFO] PluginManage:359 - Loaded plugin pinoutconfig (category:base,tabindex:0)
2026-01-14 04:49:36,727 [INFO] PluginManage:310 - Check plugin power
2026-01-14 04:49:36,749 [INFO] PluginManage:359 - Loaded plugin power (category:power,tabindex:4)
2026-01-14 04:49:36,749 [INFO] PluginManage:310 - Check plugin projectmanager
2026-01-14 04:49:36,762 [INFO] PluginManage:359 - Loaded plugin projectmanager (category:projectmanager,tabindex:3)
2026-01-14 04:49:36,762 [INFO] PluginManage:310 - Check plugin thirdparty
2026-01-14 04:49:37,055 [INFO] PluginManage:359 - Loaded plugin thirdparty (category:base,tabindex:-1)
2026-01-14 04:49:37,055 [WARN] IntegrityCheckThread:84 - waiting for thirdparty lock release [integrity check]
2026-01-14 04:49:37,056 [INFO] IntegrityCheckThread:86 - entering critical section [integrity check]
2026-01-14 04:49:37,056 [INFO] PluginManage:310 - Check plugin tools
2026-01-14 04:49:37,056 [INFO] ThirdPartyUpdaterWithRetryManager:70 - Updater plugin not ready yet. [1/15]
2026-01-14 04:49:37,095 [INFO] PluginManage:359 - Loaded plugin tools (category:base,tabindex:7)
2026-01-14 04:49:37,095 [INFO] PluginManage:310 - Check plugin tutovideos
2026-01-14 04:49:37,252 [INFO] PluginManage:359 - Loaded plugin tutovideos (category:base,tabindex:-1)
2026-01-14 04:49:37,252 [INFO] PluginManage:310 - Check plugin updater
2026-01-14 04:49:37,261 [INFO] PluginManage:359 - Loaded plugin updater (category:base,tabindex:12)
2026-01-14 04:49:37,261 [INFO] PluginManage:310 - Check plugin userauth
2026-01-14 04:49:37,266 [INFO] UserAuth:114 - Init User Auth plugin
2026-01-14 04:49:37,266 [INFO] PluginManage:359 - Loaded plugin userauth (category:base,tabindex:14)
2026-01-14 04:49:37,267 [INFO] PluginManage:283 - PluginManage : Loaded plugins [17]
2026-01-14 04:49:37,434 [INFO] PinOutPanel:1561 - setPackage(No Configuration,No Configuration)
2026-01-14 04:49:37,490 [INFO] CADModel:165 - CPN selected for project level
2026-01-14 04:49:37,490 [INFO] CADModel:114 - Register for checkConnection events
2026-01-14 04:49:37,517 [INFO] IPUIPlugin:80 - create IPUIPlugin
2026-01-14 04:49:37,517 [INFO] PluginManager:220 - loadIPPluginJar : add adc
2026-01-14 04:49:37,557 [INFO] IPUIPlugin:80 - create IPUIPlugin
2026-01-14 04:49:37,557 [INFO] PluginManager:220 - loadIPPluginJar : add aes
2026-01-14 04:49:37,597 [INFO] IPUIPlugin:80 - create IPUIPlugin
2026-01-14 04:49:37,597 [INFO] PluginManager:220 - loadIPPluginJar : add can
2026-01-14 04:49:37,624 [INFO] IPUIPlugin:80 - create IPUIPlugin
2026-01-14 04:49:37,625 [INFO] PluginManager:220 - loadIPPluginJar : add comp
2026-01-14 04:49:37,657 [INFO] IPUIPlugin:80 - create IPUIPlugin
2026-01-14 04:49:37,658 [INFO] PluginManager:220 - loadIPPluginJar : add cryp
2026-01-14 04:49:37,687 [INFO] IPUIPlugin:80 - create IPUIPlugin
2026-01-14 04:49:37,687 [INFO] PluginManager:220 - loadIPPluginJar : add dfsdm
2026-01-14 04:49:37,702 [INFO] IPUIPlugin:80 - create IPUIPlugin
2026-01-14 04:49:37,702 [INFO] PluginManager:220 - loadIPPluginJar : add dma
2026-01-14 04:49:37,747 [INFO] IPUIPlugin:80 - create IPUIPlugin
2026-01-14 04:49:37,747 [INFO] PluginManager:220 - loadIPPluginJar : add dma3
2026-01-14 04:49:37,789 [INFO] IPUIPlugin:80 - create IPUIPlugin
2026-01-14 04:49:37,789 [INFO] PluginManager:220 - loadIPPluginJar : add extmemmanager
2026-01-14 04:49:37,811 [INFO] IPUIPlugin:80 - create IPUIPlugin
2026-01-14 04:49:37,812 [INFO] PluginManager:220 - loadIPPluginJar : add fatfs
2026-01-14 04:49:37,857 [INFO] IPUIPlugin:80 - create IPUIPlugin
2026-01-14 04:49:37,857 [INFO] PluginManager:220 - loadIPPluginJar : add fmc
2026-01-14 04:49:37,872 [INFO] IPUIPlugin:80 - create IPUIPlugin
2026-01-14 04:49:37,872 [INFO] PluginManager:220 - loadIPPluginJar : add freertos
2026-01-14 04:49:37,893 [INFO] IPUIPlugin:80 - create IPUIPlugin
2026-01-14 04:49:37,893 [INFO] PluginManager:220 - loadIPPluginJar : add genericplugin
2026-01-14 04:49:37,978 [INFO] IPUIPlugin:80 - create IPUIPlugin
2026-01-14 04:49:37,978 [INFO] PluginManager:220 - loadIPPluginJar : add gfxmmu
2026-01-14 04:49:38,089 [INFO] IPUIPlugin:80 - create IPUIPlugin
2026-01-14 04:49:38,089 [INFO] PluginManager:220 - loadIPPluginJar : add gic
2026-01-14 04:49:38,102 [INFO] IPUIPlugin:80 - create IPUIPlugin
2026-01-14 04:49:38,102 [INFO] PluginManager:220 - loadIPPluginJar : add gpio
2026-01-14 04:49:38,179 [INFO] IPUIPlugin:80 - create IPUIPlugin
2026-01-14 04:49:38,179 [INFO] PluginManager:220 - loadIPPluginJar : add gtzc
2026-01-14 04:49:38,207 [INFO] IPUIPlugin:80 - create IPUIPlugin
2026-01-14 04:49:38,207 [INFO] PluginManager:220 - loadIPPluginJar : add hash
2026-01-14 04:49:38,251 [INFO] IPUIPlugin:80 - create IPUIPlugin
2026-01-14 04:49:38,251 [INFO] PluginManager:220 - loadIPPluginJar : add i2c
2026-01-14 04:49:38,286 [INFO] IPUIPlugin:80 - create IPUIPlugin
2026-01-14 04:49:38,286 [INFO] PluginManager:220 - loadIPPluginJar : add i2s
2026-01-14 04:49:38,322 [INFO] IPUIPlugin:80 - create IPUIPlugin
2026-01-14 04:49:38,322 [INFO] PluginManager:220 - loadIPPluginJar : add i3c
2026-01-14 04:49:38,411 [INFO] IPUIPlugin:80 - create IPUIPlugin
2026-01-14 04:49:38,411 [INFO] PluginManager:220 - loadIPPluginJar : add ipddr
2026-01-14 04:49:38,496 [INFO] IPUIPlugin:80 - create IPUIPlugin
2026-01-14 04:49:38,496 [INFO] PluginManager:220 - loadIPPluginJar : add linkedlist
2026-01-14 04:49:38,538 [INFO] IPUIPlugin:80 - create IPUIPlugin
2026-01-14 04:49:38,539 [INFO] PluginManager:220 - loadIPPluginJar : add lorawan
2026-01-14 04:49:38,577 [INFO] IPUIPlugin:80 - create IPUIPlugin
2026-01-14 04:49:38,577 [INFO] PluginManager:220 - loadIPPluginJar : add ltdc
2026-01-14 04:49:38,593 [INFO] IPUIPlugin:80 - create IPUIPlugin
2026-01-14 04:49:38,593 [INFO] PluginManager:220 - loadIPPluginJar : add mdma
2026-01-14 04:49:38,606 [INFO] IPUIPlugin:80 - create IPUIPlugin
2026-01-14 04:49:38,606 [INFO] PluginManager:220 - loadIPPluginJar : add nvic
2026-01-14 04:49:38,646 [INFO] IPUIPlugin:80 - create IPUIPlugin
2026-01-14 04:49:38,646 [INFO] PluginManager:220 - loadIPPluginJar : add opamp
2026-01-14 04:49:38,711 [INFO] IPUIPlugin:80 - create IPUIPlugin
2026-01-14 04:49:38,711 [INFO] PluginManager:220 - loadIPPluginJar : add openamp
2026-01-14 04:49:38,755 [INFO] IPUIPlugin:80 - create IPUIPlugin
2026-01-14 04:49:38,755 [INFO] PluginManager:220 - loadIPPluginJar : add pdm2pcm
2026-01-14 04:49:38,770 [INFO] IPUIPlugin:80 - create IPUIPlugin
2026-01-14 04:49:38,771 [INFO] PluginManager:220 - loadIPPluginJar : add plateformsettings
2026-01-14 04:49:38,798 [INFO] IPUIPlugin:80 - create IPUIPlugin
2026-01-14 04:49:38,799 [INFO] PluginManager:220 - loadIPPluginJar : add quadspi
2026-01-14 04:49:38,813 [INFO] IPUIPlugin:80 - create IPUIPlugin
2026-01-14 04:49:38,813 [INFO] PluginManager:220 - loadIPPluginJar : add resmgrutility
2026-01-14 04:49:38,867 [INFO] IPUIPlugin:80 - create IPUIPlugin
2026-01-14 04:49:38,867 [INFO] PluginManager:220 - loadIPPluginJar : add sai
2026-01-14 04:49:38,909 [INFO] IPUIPlugin:80 - create IPUIPlugin
2026-01-14 04:49:38,909 [INFO] PluginManager:220 - loadIPPluginJar : add spi
2026-01-14 04:49:38,983 [INFO] IPUIPlugin:80 - create IPUIPlugin
2026-01-14 04:49:38,983 [INFO] PluginManager:220 - loadIPPluginJar : add stm32_wpan
2026-01-14 04:49:39,011 [INFO] IPUIPlugin:80 - create IPUIPlugin
2026-01-14 04:49:39,011 [INFO] PluginManager:220 - loadIPPluginJar : add tim
2026-01-14 04:49:39,071 [INFO] IPUIPlugin:80 - create IPUIPlugin
2026-01-14 04:49:39,071 [INFO] PluginManager:220 - loadIPPluginJar : add touchsensing
2026-01-14 04:49:39,095 [INFO] IPUIPlugin:80 - create IPUIPlugin
2026-01-14 04:49:39,096 [INFO] PluginManager:220 - loadIPPluginJar : add tracer_emb
2026-01-14 04:49:39,122 [INFO] IPUIPlugin:80 - create IPUIPlugin
2026-01-14 04:49:39,122 [INFO] PluginManager:220 - loadIPPluginJar : add ts
2026-01-14 04:49:39,149 [INFO] IPUIPlugin:80 - create IPUIPlugin
2026-01-14 04:49:39,149 [INFO] PluginManager:220 - loadIPPluginJar : add tsc
2026-01-14 04:49:39,172 [INFO] IPUIPlugin:80 - create IPUIPlugin
2026-01-14 04:49:39,172 [INFO] PluginManager:220 - loadIPPluginJar : add ucpd
2026-01-14 04:49:39,211 [INFO] IPUIPlugin:80 - create IPUIPlugin
2026-01-14 04:49:39,212 [INFO] PluginManager:220 - loadIPPluginJar : add usart
2026-01-14 04:49:39,249 [INFO] IPUIPlugin:80 - create IPUIPlugin
2026-01-14 04:49:39,250 [INFO] PluginManager:220 - loadIPPluginJar : add usbx
2026-01-14 04:49:39,362 [INFO] CADModel:165 - CPN selected for project level
2026-01-14 04:49:39,362 [INFO] CADModel:114 - Register for checkConnection events
2026-01-14 04:49:39,363 [FATAL] Updater:308 - Updater called before beeing initialized
2026-01-14 04:49:39,363 [ERROR] CADModel:125 - Updater not yet initialized, retry later 
2026-01-14 04:49:39,455 [INFO] CADModel:165 - CPN selected for project level
2026-01-14 04:49:39,456 [INFO] CADModel:114 - Register for checkConnection events
2026-01-14 04:49:39,456 [FATAL] Updater:308 - Updater called before beeing initialized
2026-01-14 04:49:39,456 [ERROR] CADModel:125 - Updater not yet initialized, retry later 
2026-01-14 04:49:39,458 [FATAL] Updater:308 - Updater called before beeing initialized
2026-01-14 04:49:39,535 [FATAL] Updater:308 - Updater called before beeing initialized
2026-01-14 04:49:39,548 [INFO] DbMcusAds:53 - JSON generation date=Thu Jan 08 18:56:32 TRT 2026 (1767887792457)
2026-01-14 04:49:39,548 [FATAL] Updater:308 - Updater called before beeing initialized
2026-01-14 04:49:39,619 [WARN] DetailPanel:346 - Failed to get advertising image, set to default
2026-01-14 04:49:39,676 [FATAL] Updater:308 - Updater called before beeing initialized
2026-01-14 04:49:39,678 [FATAL] Updater:308 - Updater called before beeing initialized
2026-01-14 04:49:39,678 [FATAL] Updater:308 - Updater called before beeing initialized
2026-01-14 04:49:39,678 [WARN] DetailPanel:346 - Failed to get advertising image, set to default
2026-01-14 04:49:39,679 [FATAL] Updater:308 - Updater called before beeing initialized
2026-01-14 04:49:39,724 [ERROR] Updater:1120 - MainUpdater not yet initialized. External WinMGr cannot be set.
2026-01-14 04:49:39,735 [INFO] Updater:1056 - Updater Version found : 6.11.0
2026-01-14 04:49:39,756 [INFO] ApplicationProperties:184 - Using Application install path: C:\ST\STM32CubeIDE_1.13.1\STM32CubeIDE\plugins\com.st.stm32cube.common.mx_6.11.0.202403141607
2026-01-14 04:49:40,057 [INFO] ThirdPartyUpdaterWithRetryManager:70 - Updater plugin not ready yet. [2/15]
2026-01-14 04:49:41,333 [ERROR] LogOutputStream:75 - [STDERR_REDIRECT] Jan 14, 2026 4:49:41 AM java.util.prefs.WindowsPreferences <init>
2026-01-14 04:49:41,334 [ERROR] LogOutputStream:75 - [STDERR_REDIRECT] WARNING: Could not open/create prefs root node Software\JavaSoft\Prefs at root 0xffffffff80000002. Windows RegCreateKeyEx(...) returned error code 5.
2026-01-14 04:49:41,334 [ERROR] LogOutputStream:75 - [STDERR_REDIRECT] 
2026-01-14 04:49:41,932 [INFO] MainUpdater:2873 - connection check result : 10
2026-01-14 04:49:41,933 [INFO] MainUpdater:290 - Updater Check For Update Now.
2026-01-14 04:49:41,933 [INFO] MicroXplorer:498 - Change Database Version : DB.6.0.110
2026-01-14 04:49:41,948 [INFO] McuFinderGlobals:63 - Set McuFinder mode to 2 (CubeIDE integrated)
2026-01-14 04:49:41,959 [INFO] UserAuth:415 - Internet connection configuration mode: 1
2026-01-14 04:49:41,982 [INFO] JxBrowserEngine:152 - Initiate JxBrowser Engine with user profile folder
2026-01-14 04:49:42,122 [INFO] CheckServerUpdateThread:120 - End of CheckServer Thread
2026-01-14 04:49:43,237 [WARN] PackLoader:240 - Cannot read IP mode file for STMicroelectronics.FP-SNS-MOTENVWB1.1.4.0
2026-01-14 04:49:43,251 [WARN] PackLoader:240 - Cannot read IP mode file for STMicroelectronics.FP-ATR-ASTRA1.2.0.2
2026-01-14 04:49:43,262 [WARN] PackLoader:240 - Cannot read IP mode file for STMicroelectronics.FP-ATR-ASTRA1.2.0.1
2026-01-14 04:49:43,276 [WARN] PackLoader:240 - Cannot read IP mode file for STMicroelectronics.X-CUBE-SMBUS.2.1.0
2026-01-14 04:49:43,292 [WARN] PackLoader:240 - Cannot read IP mode file for STMicroelectronics.X-CUBE-WB05N.1.1.0
2026-01-14 04:49:43,307 [WARN] PackLoader:240 - Cannot read IP mode file for STMicroelectronics.X-CUBE-TOUCHGFX.4.23.0
2026-01-14 04:49:43,319 [WARN] PackLoader:240 - Cannot read IP mode file for STMicroelectronics.X-CUBE-TOUCHGFX.4.23.2
2026-01-14 04:49:43,352 [WARN] PackLoader:240 - Cannot read IP mode file for STMicroelectronics.X-CUBE-AZRTOS-F7.1.1.0
2026-01-14 04:49:43,368 [WARN] PackLoader:240 - Cannot read IP mode file for STMicroelectronics.FP-SNS-MOTENV1.4.3.2
2026-01-14 04:49:43,411 [WARN] PackLoader:240 - Cannot read IP mode file for STMicroelectronics.X-CUBE-MEMS1.11.0.0
2026-01-14 04:49:43,508 [ERROR] Engine:466 - C:\Users\huse2\.stm32cubemx\thirdparties\pdsc\STMicroelectronics.FP-SNS-MOTENV1.5.1.0.pdsc: PDSC version is not supported
2026-01-14 04:49:43,522 [WARN] PackLoader:240 - Cannot read IP mode file for STMicroelectronics.FP-SNS-FLIGHT1.5.0.2
2026-01-14 04:49:43,552 [WARN] PackLoader:240 - Cannot read IP mode file for STMicroelectronics.X-CUBE-AZRTOS-H7.3.4.0
2026-01-14 04:49:43,571 [WARN] PackLoader:240 - Cannot read IP mode file for STMicroelectronics.X-CUBE-DISPLAY.3.0.0
2026-01-14 04:49:43,588 [WARN] PackLoader:240 - Cannot read IP mode file for STMicroelectronics.X-CUBE-BLE1.7.0.0
2026-01-14 04:49:43,603 [WARN] PackLoader:240 - Cannot read IP mode file for STMicroelectronics.X-CUBE-NFC10.1.0.0
2026-01-14 04:49:43,621 [WARN] PackLoader:240 - Cannot read IP mode file for STMicroelectronics.X-CUBE-BLEMGR.4.0.0
2026-01-14 04:49:43,636 [ERROR] Engine:466 - C:\Users\huse2\.stm32cubemx\thirdparties\pdsc\STMicroelectronics.X-CUBE-ST60.1.1.0.pdsc: PDSC version is not supported
2026-01-14 04:49:43,652 [WARN] PackLoader:240 - Cannot read IP mode file for emotas.I-CUBE-CANOPEN.1.3.0
2026-01-14 04:49:43,667 [WARN] PackLoader:240 - Cannot read IP mode file for STMicroelectronics.X-CUBE-TOUCHGFX.4.22.0
2026-01-14 04:49:43,681 [WARN] PackLoader:240 - Cannot read IP mode file for STMicroelectronics.X-CUBE-GNSS1.7.1.0
2026-01-14 04:49:43,695 [WARN] PackLoader:240 - Cannot read IP mode file for STMicroelectronics.X-CUBE-TOUCHGFX.4.22.1
2026-01-14 04:49:43,710 [WARN] PackLoader:240 - Cannot read IP mode file for STMicroelectronics.X-CUBE-BLEMGR.3.1.0
2026-01-14 04:49:43,725 [WARN] PackLoader:240 - Cannot read IP mode file for STMicroelectronics.X-CUBE-AI.10.0.0
2026-01-14 04:49:43,740 [WARN] PackLoader:240 - Cannot read IP mode file for STMicroelectronics.FP-SNS-SMARTAG2.1.2.0
2026-01-14 04:49:43,753 [ERROR] Engine:466 - C:\Users\huse2\.stm32cubemx\thirdparties\pdsc\STMicroelectronics.FP-SNS-FLIGHT1.5.1.0.pdsc: PDSC version is not supported
2026-01-14 04:49:43,804 [WARN] PackLoader:240 - Cannot read IP mode file for STMicroelectronics.X-CUBE-MEMS1.11.1.0
2026-01-14 04:49:43,949 [INFO] LogOutputStream:77 - [STDOUT_REDIRECT] 1 : Invalid condition id : UX_CORESTACK_Condition cause : null
2026-01-14 04:49:43,950 [INFO] LogOutputStream:77 - [STDOUT_REDIRECT] 1 : Invalid condition id : UX_CORESTACK_Condition cause : null
2026-01-14 04:49:43,951 [INFO] LogOutputStream:77 - [STDOUT_REDIRECT] 1 : Invalid condition id : UX_CORESTACK_Condition cause : null
2026-01-14 04:49:43,952 [INFO] LogOutputStream:77 - [STDOUT_REDIRECT] 1 : Invalid condition id : UX_CORESTACK_Condition cause : null
2026-01-14 04:49:43,953 [INFO] LogOutputStream:77 - [STDOUT_REDIRECT] 1 : Invalid condition id : UX_CORESTACK_Condition cause : null
2026-01-14 04:49:43,954 [WARN] PackLoader:240 - Cannot read IP mode file for STMicroelectronics.X-CUBE-AZRTOS-WL.2.0.0
2026-01-14 04:49:43,968 [WARN] PackLoader:240 - Cannot read IP mode file for STMicroelectronics.FP-SNS-MOTENV1.5.0.0
2026-01-14 04:49:44,001 [WARN] PackLoader:240 - Cannot read IP mode file for STMicroelectronics.X-CUBE-AZRTOS-H7RS.1.2.0
2026-01-14 04:49:44,015 [WARN] PackLoader:240 - Cannot read IP mode file for wolfSSL.I-CUBE-wolfMQTT.1.19.0
2026-01-14 04:49:44,033 [WARN] PackLoader:240 - Cannot read IP mode file for WES.I-CUBE-Cesium.1.3.0
2026-01-14 04:49:44,047 [WARN] PackLoader:240 - Cannot read IP mode file for STMicroelectronics.X-CUBE-BLE2.3.3.0
2026-01-14 04:49:44,058 [ERROR] Engine:466 - C:\Users\huse2\.stm32cubemx\thirdparties\pdsc\Avnet-IOTCONNECT.X-CUBE-iotc-st67-sdk.1.0.0.pdsc: PDSC version is not supported
2026-01-14 04:49:44,071 [WARN] PackLoader:240 - Cannot read IP mode file for STMicroelectronics.X-CUBE-NFC9.1.0.0
2026-01-14 04:49:44,084 [WARN] PackLoader:240 - Cannot read IP mode file for STMicroelectronics.X-CUBE-BLE1.7.1.0
2026-01-14 04:49:44,098 [WARN] PackLoader:240 - Cannot read IP mode file for STMicroelectronics.X-CUBE-TCPP.4.1.0
2026-01-14 04:49:44,110 [ERROR] Engine:466 - C:\Users\huse2\.stm32cubemx\thirdparties\pdsc\STMicroelectronics.X-CUBE-FREERTOS.1.4.0.pdsc: PDSC version is not supported
2026-01-14 04:49:44,122 [ERROR] Engine:466 - C:\Users\huse2\.stm32cubemx\thirdparties\pdsc\STMicroelectronics.X-CUBE-ST67W61.1.1.0.pdsc: PDSC version is not supported
2026-01-14 04:49:44,158 [WARN] PackLoader:240 - Cannot read IP mode file for STMicroelectronics.X-CUBE-MEMS1.12.0.0
2026-01-14 04:49:44,216 [WARN] PackLoader:240 - Cannot read IP mode file for STMicroelectronics.X-CUBE-ALGOBUILD.1.3.0
2026-01-14 04:49:44,256 [WARN] PackLoader:240 - Cannot read IP mode file for STMicroelectronics.X-CUBE-MEMS1.11.2.0
2026-01-14 04:49:44,342 [WARN] PackLoader:240 - Cannot read IP mode file for STMicroelectronics.X-CUBE-AZRTOS-G0.1.1.0
2026-01-14 04:49:44,356 [WARN] PackLoader:240 - Cannot read IP mode file for STMicroelectronics.X-CUBE-SAFEA1.1.2.2
2026-01-14 04:49:44,368 [WARN] PackLoader:240 - Cannot read IP mode file for STMicroelectronics.X-CUBE-NFC4.3.0.0
2026-01-14 04:49:44,385 [WARN] PackLoader:240 - Cannot read IP mode file for EmbeddedOffice.I-CUBE-FS-RTOS.1.0.1
2026-01-14 04:49:44,385 [ERROR] ConditionMgr:805 - Attr not supported : Dmpu
2026-01-14 04:49:44,385 [ERROR] ConditionMgr:805 - Attr not supported : Dmpu
2026-01-14 04:49:44,385 [ERROR] ConditionMgr:805 - Attr not supported : Dmpu
2026-01-14 04:49:44,385 [ERROR] ConditionMgr:805 - Attr not supported : Dmpu
2026-01-14 04:49:44,386 [ERROR] ConditionMgr:805 - Attr not supported : Dmpu
2026-01-14 04:49:44,386 [ERROR] ConditionMgr:805 - Attr not supported : Dmpu
2026-01-14 04:49:44,386 [ERROR] ConditionMgr:805 - Attr not supported : Dmpu
2026-01-14 04:49:44,386 [ERROR] ConditionMgr:805 - Attr not supported : Dmpu
2026-01-14 04:49:44,386 [ERROR] ConditionMgr:805 - Attr not supported : Dmpu
2026-01-14 04:49:44,386 [ERROR] ConditionMgr:805 - Attr not supported : Dmpu
2026-01-14 04:49:44,386 [ERROR] ConditionMgr:805 - Attr not supported : Dmpu
2026-01-14 04:49:44,386 [ERROR] ConditionMgr:805 - Attr not supported : Dmpu
2026-01-14 04:49:44,386 [ERROR] ConditionMgr:805 - Attr not supported : Dmpu
2026-01-14 04:49:44,386 [ERROR] ConditionMgr:805 - Attr not supported : Dmpu
2026-01-14 04:49:44,386 [ERROR] ConditionMgr:805 - Attr not supported : Dmpu
2026-01-14 04:49:44,386 [ERROR] ConditionMgr:805 - Attr not supported : Dmpu
2026-01-14 04:49:44,386 [ERROR] ConditionMgr:805 - Attr not supported : Dmpu
2026-01-14 04:49:44,386 [ERROR] ConditionMgr:805 - Attr not supported : Dmpu
2026-01-14 04:49:44,386 [ERROR] ConditionMgr:805 - Attr not supported : Dmpu
2026-01-14 04:49:44,386 [ERROR] ConditionMgr:805 - Attr not supported : Dmpu
2026-01-14 04:49:44,386 [ERROR] ConditionMgr:805 - Attr not supported : Dmpu
2026-01-14 04:49:44,386 [ERROR] ConditionMgr:805 - Attr not supported : Dmpu
2026-01-14 04:49:44,386 [ERROR] ConditionMgr:805 - Attr not supported : Dmpu
2026-01-14 04:49:44,386 [ERROR] ConditionMgr:805 - Attr not supported : Dmpu
2026-01-14 04:49:44,386 [ERROR] ConditionMgr:805 - Attr not supported : Dmpu
2026-01-14 04:49:44,386 [ERROR] ConditionMgr:805 - Attr not supported : Dmpu
2026-01-14 04:49:44,386 [ERROR] ConditionMgr:805 - Attr not supported : Dmpu
2026-01-14 04:49:44,386 [ERROR] ConditionMgr:805 - Attr not supported : Dmpu
2026-01-14 04:49:44,386 [ERROR] ConditionMgr:805 - Attr not supported : Dmpu
2026-01-14 04:49:44,386 [ERROR] ConditionMgr:805 - Attr not supported : Dmpu
2026-01-14 04:49:44,387 [ERROR] ConditionMgr:805 - Attr not supported : Dmpu
2026-01-14 04:49:44,387 [ERROR] ConditionMgr:805 - Attr not supported : Dmpu
2026-01-14 04:49:44,387 [ERROR] ConditionMgr:805 - Attr not supported : Dmpu
2026-01-14 04:49:44,387 [ERROR] ConditionMgr:805 - Attr not supported : Dmpu
2026-01-14 04:49:44,387 [ERROR] ConditionMgr:805 - Attr not supported : Dmpu
2026-01-14 04:49:44,387 [ERROR] ConditionMgr:805 - Attr not supported : Dmpu
2026-01-14 04:49:44,387 [ERROR] ConditionMgr:805 - Attr not supported : Dmpu
2026-01-14 04:49:44,387 [ERROR] ConditionMgr:805 - Attr not supported : Dmpu
2026-01-14 04:49:44,387 [ERROR] ConditionMgr:805 - Attr not supported : Dmpu
2026-01-14 04:49:44,387 [ERROR] ConditionMgr:805 - Attr not supported : Dmpu
2026-01-14 04:49:44,387 [ERROR] ConditionMgr:805 - Attr not supported : Dmpu
2026-01-14 04:49:44,387 [ERROR] ConditionMgr:805 - Attr not supported : Dmpu
2026-01-14 04:49:44,387 [ERROR] ConditionMgr:805 - Attr not supported : Dmpu
2026-01-14 04:49:44,387 [ERROR] ConditionMgr:805 - Attr not supported : Dmpu
2026-01-14 04:49:44,387 [ERROR] ConditionMgr:805 - Attr not supported : Dmpu
2026-01-14 04:49:44,387 [ERROR] ConditionMgr:805 - Attr not supported : Dmpu
2026-01-14 04:49:44,387 [ERROR] ConditionMgr:805 - Attr not supported : Dmpu
2026-01-14 04:49:44,387 [ERROR] ConditionMgr:805 - Attr not supported : Dmpu
2026-01-14 04:49:44,387 [ERROR] ConditionMgr:805 - Attr not supported : Dmpu
2026-01-14 04:49:44,387 [ERROR] ConditionMgr:805 - Attr not supported : Dmpu
2026-01-14 04:49:44,387 [ERROR] ConditionMgr:805 - Attr not supported : Dmpu
2026-01-14 04:49:44,387 [ERROR] ConditionMgr:805 - Attr not supported : Dmpu
2026-01-14 04:49:44,387 [ERROR] ConditionMgr:805 - Attr not supported : Dmpu
2026-01-14 04:49:44,387 [ERROR] ConditionMgr:805 - Attr not supported : Dmpu
2026-01-14 04:49:44,387 [ERROR] ConditionMgr:805 - Attr not supported : Dmpu
2026-01-14 04:49:44,388 [ERROR] ConditionMgr:805 - Attr not supported : Dmpu
2026-01-14 04:49:44,388 [ERROR] ConditionMgr:805 - Attr not supported : Dmpu
2026-01-14 04:49:44,388 [ERROR] ConditionMgr:805 - Attr not supported : Dmpu
2026-01-14 04:49:44,388 [ERROR] ConditionMgr:805 - Attr not supported : Dmpu
2026-01-14 04:49:44,388 [ERROR] ConditionMgr:805 - Attr not supported : Dmpu
2026-01-14 04:49:44,388 [ERROR] ConditionMgr:805 - Attr not supported : Dmpu
2026-01-14 04:49:44,388 [ERROR] ConditionMgr:805 - Attr not supported : Dmpu
2026-01-14 04:49:44,388 [ERROR] ConditionMgr:805 - Attr not supported : Dmpu
2026-01-14 04:49:44,388 [ERROR] ConditionMgr:805 - Attr not supported : Dmpu
2026-01-14 04:49:44,401 [WARN] PackLoader:240 - Cannot read IP mode file for STMicroelectronics.X-CUBE-WB05N.2.0.0
2026-01-14 04:49:44,415 [WARN] PackLoader:240 - Cannot read IP mode file for STMicroelectronics.X-CUBE-BLEMGR.3.0.0
2026-01-14 04:49:44,429 [ERROR] Engine:466 - C:\Users\huse2\.stm32cubemx\thirdparties\pdsc\STMicroelectronics.X-CUBE-TCPP.4.2.0.pdsc: PDSC version is not supported
2026-01-14 04:49:44,444 [WARN] PackLoader:240 - Cannot read IP mode file for RealThread.X-CUBE-RT-Thread_Nano.4.1.1
2026-01-14 04:49:44,458 [WARN] PackLoader:240 - Cannot read IP mode file for STMicroelectronics.FP-ATR-SIGFOX1.3.2.0
2026-01-14 04:49:44,472 [WARN] ConditionMgr:438 - getConditionDescription Invalid condition id : Cortex-A Device cause : null
2026-01-14 04:49:44,492 [WARN] ConditionMgr:1039 - genDependencies : Invalid condition id : Cortex-A Device cause : null
2026-01-14 04:49:44,492 [WARN] ConditionMgr:1039 - genDependencies : Invalid condition id : Cortex-A Device cause : null
2026-01-14 04:49:44,492 [WARN] ConditionMgr:1039 - genDependencies : Invalid condition id : Cortex-A Device cause : null
2026-01-14 04:49:44,507 [WARN] PackLoader:240 - Cannot read IP mode file for STMicroelectronics.X-CUBE-EEPRMA1.5.1.0
2026-01-14 04:49:44,537 [WARN] PackLoader:240 - Cannot read IP mode file for SEGGER.I-CUBE-embOS.1.3.1
2026-01-14 04:49:44,567 [WARN] PackLoader:240 - Cannot read IP mode file for STMicroelectronics.X-CUBE-ALGOBUILD.1.4.0
2026-01-14 04:49:44,601 [WARN] PackLoader:240 - Cannot read IP mode file for STMicroelectronics.X-CUBE-MEMS1.11.3.0
2026-01-14 04:49:44,682 [WARN] PackLoader:240 - Cannot read IP mode file for STMicroelectronics.X-CUBE-AI.9.1.0
2026-01-14 04:49:44,695 [WARN] PackLoader:240 - Cannot read IP mode file for STMicroelectronics.X-CUBE-PM33A1.1.0.0
2026-01-14 04:49:44,708 [WARN] PackLoader:240 - Cannot read IP mode file for STMicroelectronics.X-CUBE-GNSS1.6.0.0
2026-01-14 04:49:44,728 [WARN] PackLoader:240 - Cannot read IP mode file for STMicroelectronics.X-CUBE-AZRTOS-F4.1.1.0
2026-01-14 04:49:44,741 [WARN] PackLoader:240 - Cannot read IP mode file for wolfSSL.I-CUBE-wolfSSL.5.6.3
2026-01-14 04:49:44,753 [ERROR] Engine:466 - C:\Users\huse2\.stm32cubemx\thirdparties\pdsc\Avnet-IotConnect.X-CUBE-IoTC-DA16k-PMOD.1.0.0.pdsc: PDSC version is not supported
2026-01-14 04:49:44,765 [WARN] PackLoader:240 - Cannot read IP mode file for STMicroelectronics.X-CUBE-ISPU.2.1.0
2026-01-14 04:49:44,778 [ERROR] Engine:466 - C:\Users\huse2\.stm32cubemx\thirdparties\pdsc\STMicroelectronics.X-CUBE-IPS.3.2.0.pdsc: PDSC version is not supported
2026-01-14 04:49:44,790 [WARN] PackLoader:240 - Cannot read IP mode file for STMicroelectronics.X-CUBE-FREERTOS.1.2.0
2026-01-14 04:49:44,803 [WARN] PackLoader:240 - Cannot read IP mode file for STMicroelectronics.X-CUBE-NFC12.1.0.0
2026-01-14 04:49:44,827 [WARN] PackLoader:240 - Cannot read IP mode file for STMicroelectronics.X-CUBE-AZRTOS-L5.2.0.0
2026-01-14 04:49:44,858 [WARN] PackLoader:240 - Cannot read IP mode file for STMicroelectronics.X-CUBE-MEMS1.9.6.0
2026-01-14 04:49:44,970 [WARN] PackLoader:240 - Cannot read IP mode file for STMicroelectronics.X-CUBE-EEPRMA1.4.2.0
2026-01-14 04:49:44,985 [WARN] PackLoader:240 - Cannot read IP mode file for STMicroelectronics.X-CUBE-NFC6.3.1.0
2026-01-14 04:49:44,999 [WARN] PackLoader:240 - Cannot read IP mode file for ITTIA_DB.I-CUBE-ITTIADB.8.8.0
2026-01-14 04:49:45,011 [WARN] PackLoader:240 - Cannot read IP mode file for STMicroelectronics.X-CUBE-BLEMGR.2.0.0
2026-01-14 04:49:45,025 [WARN] PackLoader:240 - Cannot read IP mode file for STMicroelectronics.X-CUBE-DPower.1.2.0
2026-01-14 04:49:45,036 [WARN] PackLoader:240 - Cannot read IP mode file for STMicroelectronics.X-CUBE-AI.9.0.0
2026-01-14 04:49:45,057 [WARN] ConditionMgr:438 - getConditionDescription Invalid condition id : UX DEVICE CLASS RTOS Condition cause : null
2026-01-14 04:49:45,057 [WARN] ConditionMgr:438 - getConditionDescription Invalid condition id : UX DEVICE CLASS RTOS Condition cause : null
2026-01-14 04:49:45,059 [WARN] PackLoader:240 - Cannot read IP mode file for STMicroelectronics.X-CUBE-AZRTOS-H7.3.1.0
2026-01-14 04:49:45,059 [WARN] ConditionMgr:1039 - genDependencies : Invalid condition id : UX DEVICE CLASS RTOS Condition cause : null
2026-01-14 04:49:45,059 [WARN] ConditionMgr:1039 - genDependencies : Invalid condition id : UX DEVICE CLASS RTOS Condition cause : null
2026-01-14 04:49:45,059 [WARN] ConditionMgr:1039 - genDependencies : Invalid condition id : UX DEVICE CLASS RTOS Condition cause : null
2026-01-14 04:49:45,059 [WARN] ConditionMgr:1039 - genDependencies : Invalid condition id : UX DEVICE CLASS RTOS Condition cause : null
2026-01-14 04:49:45,060 [WARN] ConditionMgr:1039 - genDependencies : Invalid condition id : UX DEVICE CLASS RTOS Condition cause : null
2026-01-14 04:49:45,074 [WARN] PackLoader:240 - Cannot read IP mode file for STMicroelectronics.X-CUBE-FREERTOS.1.3.1
2026-01-14 04:49:45,089 [WARN] PackLoader:240 - Cannot read IP mode file for STMicroelectronics.X-CUBE-FREERTOS.1.3.0
2026-01-14 04:49:45,105 [WARN] PackLoader:240 - Cannot read IP mode file for STMicroelectronics.X-CUBE-NFC7.1.0.1
2026-01-14 04:49:45,120 [WARN] PackLoader:240 - Cannot read IP mode file for wolfSSL.I-CUBE-wolfTPM.3.2.0
2026-01-14 04:49:45,133 [WARN] PackLoader:240 - Cannot read IP mode file for STMicroelectronics.X-CUBE-TOUCHGFX.4.26.0
2026-01-14 04:49:45,149 [WARN] PackLoader:240 - Cannot read IP mode file for STMicroelectronics.X-CUBE-NFC6.3.0.0
2026-01-14 04:49:45,163 [WARN] PackLoader:240 - Cannot read IP mode file for STMicroelectronics.X-CUBE-EEPRMA1.4.1.0
2026-01-14 04:49:45,177 [WARN] PackLoader:240 - Cannot read IP mode file for STMicroelectronics.X-CUBE-DPower.1.3.0
2026-01-14 04:49:45,189 [WARN] PackLoader:240 - Cannot read IP mode file for STMicroelectronics.X-CUBE-AI.8.1.0
2026-01-14 04:49:45,213 [WARN] ConditionMgr:438 - getConditionDescription Invalid condition id : LAN8742 Phy interface Condition cause : null
2026-01-14 04:49:45,213 [WARN] PackLoader:240 - Cannot read IP mode file for STMicroelectronics.X-CUBE-AZRTOS-L4.2.0.0
2026-01-14 04:49:45,214 [WARN] ConditionMgr:1039 - genDependencies : Invalid condition id : LAN8742 Phy interface Condition cause : null
2026-01-14 04:49:45,214 [WARN] ConditionMgr:1039 - genDependencies : Invalid condition id : LAN8742 Phy interface Condition cause : null
2026-01-14 04:49:45,214 [WARN] ConditionMgr:1039 - genDependencies : Invalid condition id : LAN8742 Phy interface Condition cause : null
2026-01-14 04:49:45,228 [WARN] PackLoader:240 - Cannot read IP mode file for STMicroelectronics.X-CUBE-SFXS2LP1.4.0.0
2026-01-14 04:49:45,240 [WARN] PackLoader:240 - Cannot read IP mode file for STMicroelectronics.X-CUBE-ISPU.1.1.0
2026-01-14 04:49:45,262 [WARN] PackLoader:240 - Cannot read IP mode file for STMicroelectronics.X-CUBE-AZRTOS-H7.3.3.0
2026-01-14 04:49:45,279 [WARN] PackLoader:240 - Cannot read IP mode file for STMicroelectronics.X-CUBE-IPS.3.0.0
2026-01-14 04:49:45,298 [WARN] ConditionMgr:438 - getConditionDescription Invalid condition id : UX DEVICE CLASS RTOS Condition cause : null
2026-01-14 04:49:45,298 [WARN] ConditionMgr:438 - getConditionDescription Invalid condition id : UX DEVICE CLASS RTOS Condition cause : null
2026-01-14 04:49:45,299 [WARN] PackLoader:240 - Cannot read IP mode file for STMicroelectronics.X-CUBE-AZRTOS-WB.2.0.0
2026-01-14 04:49:45,299 [WARN] ConditionMgr:1039 - genDependencies : Invalid condition id : UX DEVICE CLASS RTOS Condition cause : null
2026-01-14 04:49:45,299 [WARN] ConditionMgr:1039 - genDependencies : Invalid condition id : UX DEVICE CLASS RTOS Condition cause : null
2026-01-14 04:49:45,300 [WARN] ConditionMgr:1039 - genDependencies : Invalid condition id : UX DEVICE CLASS RTOS Condition cause : null
2026-01-14 04:49:45,300 [WARN] ConditionMgr:1039 - genDependencies : Invalid condition id : UX DEVICE CLASS RTOS Condition cause : null
2026-01-14 04:49:45,300 [WARN] ConditionMgr:1039 - genDependencies : Invalid condition id : UX DEVICE CLASS RTOS Condition cause : null
2026-01-14 04:49:45,313 [WARN] PackLoader:240 - Cannot read IP mode file for STMicroelectronics.X-CUBE-GNSS1.7.0.0
2026-01-14 04:49:45,324 [WARN] PackLoader:240 - Cannot read IP mode file for STMicroelectronics.X-CUBE-GNSS1.7.0.1
2026-01-14 04:49:45,335 [WARN] PackLoader:240 - Cannot read IP mode file for STMicroelectronics.X-CUBE-TOUCHGFX.4.25.0
2026-01-14 04:49:45,370 [WARN] PackLoader:240 - Cannot read IP mode file for STMicroelectronics.FP-SNS-STBOX1.2.0.0
2026-01-14 04:49:45,389 [WARN] PackLoader:240 - Cannot read IP mode file for STMicroelectronics.X-CUBE-SUBG2.5.0.0
2026-01-14 04:49:45,412 [WARN] PackLoader:240 - Cannot read IP mode file for STMicroelectronics.X-CUBE-AZRTOS-H7RS.1.1.0
2026-01-14 04:49:45,460 [WARN] PackLoader:240 - Cannot read IP mode file for Cesanta.I-CUBE-Mongoose.7.13.0
2026-01-14 04:49:45,490 [WARN] PackLoader:240 - Cannot read IP mode file for STMicroelectronics.X-CUBE-TOF1.3.3.1
2026-01-14 04:49:45,513 [WARN] PackLoader:240 - Cannot read IP mode file for STMicroelectronics.X-CUBE-AZRTOS-G4.2.0.0
2026-01-14 04:49:45,531 [WARN] PackLoader:240 - Cannot read IP mode file for Infineon.AIROC-Wi-Fi-Bluetooth-STM32.1.5.1
2026-01-14 04:49:45,546 [WARN] PackLoader:240 - Cannot read IP mode file for STMicroelectronics.FP-SNS-MOTENVWB1.1.3.0
2026-01-14 04:49:45,558 [WARN] PackLoader:240 - Cannot read IP mode file for STMicroelectronics.X-CUBE-NFC7.2.0.0
2026-01-14 04:49:45,576 [WARN] PackLoader:240 - Cannot read IP mode file for STMicroelectronics.FP-SNS-MOTENVWB1.1.3.1
2026-01-14 04:49:45,607 [WARN] PackLoader:240 - Cannot read IP mode file for STMicroelectronics.X-CUBE-ISPU.2.0.0
2026-01-14 04:49:45,624 [ERROR] Engine:466 - C:\Users\huse2\.stm32cubemx\thirdparties\pdsc\STMicroelectronics.X-CUBE-IPS.3.1.0.pdsc: PDSC version is not supported
2026-01-14 04:49:45,639 [WARN] PackLoader:240 - Cannot read IP mode file for STMicroelectronics.X-CUBE-ALS.1.0.2
2026-01-14 04:49:45,671 [WARN] PackLoader:240 - Cannot read IP mode file for STMicroelectronics.X-CUBE-MEMS1.10.0.0
2026-01-14 04:49:45,741 [WARN] PackLoader:240 - Cannot read IP mode file for STMicroelectronics.X-CUBE-FREERTOS.1.1.0
2026-01-14 04:49:45,752 [WARN] PackLoader:240 - Cannot read IP mode file for STMicroelectronics.X-CUBE-TOUCHGFX.4.24.0
2026-01-14 04:49:45,763 [WARN] PackLoader:240 - Cannot read IP mode file for STMicroelectronics.X-CUBE-TOUCHGFX.4.24.2
2026-01-14 04:49:45,774 [WARN] PackLoader:240 - Cannot read IP mode file for STMicroelectronics.X-CUBE-TOUCHGFX.4.24.1
2026-01-14 04:49:45,787 [WARN] PackLoader:240 - Cannot read IP mode file for STMicroelectronics.X-CUBE-STSE01.1.0.0
2026-01-14 04:49:45,801 [WARN] PackLoader:240 - Cannot read IP mode file for portGmbH.I-Cube-SoM-uGOAL.1.1.0
2026-01-14 04:49:45,812 [WARN] PackLoader:240 - Cannot read IP mode file for STMicroelectronics.X-CUBE-ALS.1.0.1
2026-01-14 04:49:45,833 [WARN] PackLoader:240 - Cannot read IP mode file for STMicroelectronics.X-CUBE-AZRTOS-H7RS.1.0.0
2026-01-14 04:49:45,840 [INFO] WebApp:161 - Instantiating new browser for Auth
2026-01-14 04:49:45,845 [WARN] PackLoader:240 - Cannot read IP mode file for STMicroelectronics.FP-ATR-ASTRA1.2.0.0
2026-01-14 04:49:45,863 [WARN] PackLoader:240 - Cannot read IP mode file for STMicroelectronics.X-CUBE-TOF1.3.4.2
2026-01-14 04:49:45,883 [ERROR] Engine:466 - C:\Users\huse2\.stm32cubemx\thirdparties\pdsc\STMicroelectronics.X-CUBE-TOF1.3.4.3.pdsc: PDSC version is not supported
2026-01-14 04:49:45,900 [WARN] PackLoader:240 - Cannot read IP mode file for STMicroelectronics.X-CUBE-TOF1.3.4.0
2026-01-14 04:49:45,920 [WARN] PackLoader:240 - Cannot read IP mode file for STMicroelectronics.X-CUBE-TOF1.3.4.1
2026-01-14 04:49:45,945 [WARN] PackLoader:240 - Cannot read IP mode file for STMicroelectronics.X-CUBE-AZRTOS-H7.3.2.0
2026-01-14 04:49:45,959 [WARN] PackLoader:240 - Cannot read IP mode file for wolfSSL.I-CUBE-wolfSSH.1.4.17
2026-01-14 04:49:45,959 [INFO] ThirdParty:978 - Integrity check success = true
2026-01-14 04:49:45,959 [INFO] IntegrityCheckThread:100 - exiting critical section [integrity check]
2026-01-14 04:49:45,959 [INFO] IntegrityCheckThread:103 - End integrity checks thread
2026-01-14 04:49:46,250 [INFO] WebApp:779 - Register for checkConnection events
2026-01-14 04:49:46,251 [INFO] WebApp:414 - Apply proxy settings
2026-01-14 04:49:46,251 [INFO] WebApp:499 - Chromium requires no authentication
2026-01-14 04:49:46,256 [INFO] WebApp:442 - Direct internet connection detected
2026-01-14 04:49:46,378 [INFO] WebApp:192 - Starting web application
2026-01-14 04:49:46,378 [INFO] WebApp:544 - Web application path used C:\ST\STM32CubeIDE_1.13.1\STM32CubeIDE\plugins\com.st.stm32cube.common.mx_6.11.0.202403141607\db\plugins\mcufinder\reactClient1\index.html
2026-01-14 13:19:24,087 [ERROR] LogOutputStream:75 - [STDERR_REDIRECT] 
